2025-11-22 05:26:58,047 [INFO] Activator:176 - 


2025-11-22 05:26:58,048 [INFO] Activator:177 - !SESSION log4j initialized
2025-11-22 05:27:01,421 [INFO] LogOutputStream:77 - [STDOUT_REDIRECT] 
2025-11-22 05:27:15,063 [INFO] ApplicationProperties:184 - Using Application install path: C:\ST\STM32CubeIDE_1.19.0\STM32CubeIDE\plugins\com.st.stm32cube.common.mx_6.15.0.202507011659
2025-11-22 05:27:15,184 [INFO] DbMcusXml:78 - Set database path to: C:\ST\STM32CubeIDE_1.19.0\STM32CubeIDE\plugins\com.st.stm32cube.common.mx_6.15.0.202507011659\\db\/mcu/
2025-11-22 05:27:15,184 [INFO] ApiDb:274 - Set plugin database path to: C:\ST\STM32CubeIDE_1.19.0\STM32CubeIDE\plugins\com.st.stm32cube.common.mx_6.15.0.202507011659\\db\/plugins/boardmanager/
2025-11-22 05:27:15,185 [WARN] ApiDb:259 - Overriding images path with different value:  => C:\ST\STM32CubeIDE_1.19.0\STM32CubeIDE\plugins\com.st.stm32cube.common.mx_6.15.0.202507011659\\db\/plugins/mcufinder/images/
2025-11-22 05:27:15,223 [INFO] ApiDb:250 - Set database path to: C:\Users\Alex\.stmcufinder\plugins\mcufinder//mcu/
2025-11-22 05:27:15,227 [INFO] DbMcusAds:125 - Set database path to: C:\Users\Alex\.stmcufinder\plugins\mcufinder//mcu/
2025-11-22 05:27:15,272 [INFO] CrossReferenceDbSqlite:203 - Set database path to: C:\Users\Alex\.stmcufinder\plugins\mcufinder//mcu/cs/
2025-11-22 05:27:15,402 [INFO] RulesReader:64 - Compatibility file has been processed (317 Rules)
2025-11-22 05:27:15,521 [INFO] DbMcusXml:78 - Set database path to: C:\ST\STM32CubeIDE_1.19.0\STM32CubeIDE\plugins\com.st.stm32cube.common.mx_6.15.0.202507011659\\db\/mcu/
2025-11-22 05:27:15,521 [INFO] ApiDb:274 - Set plugin database path to: C:\ST\STM32CubeIDE_1.19.0\STM32CubeIDE\plugins\com.st.stm32cube.common.mx_6.15.0.202507011659\\db\/plugins/boardmanager/
2025-11-22 05:27:15,521 [INFO] ApiDb:261 - Set plugin images path to: C:\ST\STM32CubeIDE_1.19.0\STM32CubeIDE\plugins\com.st.stm32cube.common.mx_6.15.0.202507011659\\db\/plugins/mcufinder/images/
2025-11-22 05:27:15,521 [WARN] DbFile:41 - Overriding database path with different value: C:\Users\Alex\.stmcufinder\plugins\mcufinder/ => C:\Users\Alex\.stmcufinder\plugins\mcufinder
2025-11-22 05:27:15,521 [INFO] ApiDb:250 - Set database path to: C:\Users\Alex\.stmcufinder\plugins\mcufinder//mcu/
2025-11-22 05:27:15,521 [WARN] DbFile:41 - Overriding database path with different value: C:\Users\Alex\.stmcufinder\plugins\mcufinder/ => C:\Users\Alex\.stmcufinder\plugins\mcufinder
2025-11-22 05:27:15,521 [INFO] DbMcusAds:125 - Set database path to: C:\Users\Alex\.stmcufinder\plugins\mcufinder//mcu/
2025-11-22 05:27:15,521 [WARN] DbFile:41 - Overriding database path with different value: C:\Users\Alex\.stmcufinder\plugins\mcufinder/ => C:\Users\Alex\.stmcufinder\plugins\mcufinder
2025-11-22 05:27:15,521 [WARN] DbFile:41 - Overriding database path with different value: C:\Users\Alex\.stmcufinder\plugins\mcufinder/ => C:\Users\Alex\.stmcufinder\plugins\mcufinder
2025-11-22 05:27:15,521 [INFO] CrossReferenceDbSqlite:203 - Set database path to: C:\Users\Alex\.stmcufinder\plugins\mcufinder//mcu/cs/
2025-11-22 05:27:15,623 [INFO] MainPanel:274 - HeapMemory: 268435456
2025-11-22 05:27:15,818 [INFO] DbMcusXml:78 - Set database path to: C:\ST\STM32CubeIDE_1.19.0\STM32CubeIDE\plugins\com.st.stm32cube.common.mx_6.15.0.202507011659\\db\/mcu/
2025-11-22 05:27:15,818 [INFO] ApiDb:274 - Set plugin database path to: C:\ST\STM32CubeIDE_1.19.0\STM32CubeIDE\plugins\com.st.stm32cube.common.mx_6.15.0.202507011659\\db\/plugins/boardmanager/
2025-11-22 05:27:15,819 [INFO] ApiDb:261 - Set plugin images path to: C:\ST\STM32CubeIDE_1.19.0\STM32CubeIDE\plugins\com.st.stm32cube.common.mx_6.15.0.202507011659\\db\/plugins/mcufinder/images/
2025-11-22 05:27:15,819 [WARN] DbFile:41 - Overriding database path with different value: C:\Users\Alex\.stmcufinder\plugins\mcufinder/ => C:\Users\Alex\.stmcufinder\plugins\mcufinder
2025-11-22 05:27:15,819 [INFO] ApiDb:250 - Set database path to: C:\Users\Alex\.stmcufinder\plugins\mcufinder//mcu/
2025-11-22 05:27:15,819 [WARN] DbFile:41 - Overriding database path with different value: C:\Users\Alex\.stmcufinder\plugins\mcufinder/ => C:\Users\Alex\.stmcufinder\plugins\mcufinder
2025-11-22 05:27:15,819 [INFO] DbMcusAds:125 - Set database path to: C:\Users\Alex\.stmcufinder\plugins\mcufinder//mcu/
2025-11-22 05:27:15,819 [WARN] DbFile:41 - Overriding database path with different value: C:\Users\Alex\.stmcufinder\plugins\mcufinder/ => C:\Users\Alex\.stmcufinder\plugins\mcufinder
2025-11-22 05:27:15,819 [WARN] DbFile:41 - Overriding database path with different value: C:\Users\Alex\.stmcufinder\plugins\mcufinder/ => C:\Users\Alex\.stmcufinder\plugins\mcufinder
2025-11-22 05:27:15,819 [INFO] CrossReferenceDbSqlite:203 - Set database path to: C:\Users\Alex\.stmcufinder\plugins\mcufinder//mcu/cs/
2025-11-22 05:27:15,837 [INFO] ApplicationProperties:184 - Using Application install path: C:\ST\STM32CubeIDE_1.19.0\STM32CubeIDE\plugins\com.st.stm32cube.common.mx_6.15.0.202507011659
2025-11-22 05:27:15,838 [INFO] PluginManage:196 - Search for loadable plugins [exclusion list=, ]
2025-11-22 05:27:15,839 [INFO] PluginManage:310 - Check plugin analytics
2025-11-22 05:27:16,046 [INFO] AnalyticsPlugin:253 - Accepted Software Licenses: STM32CubeMX.6.15.0
2025-11-22 05:27:16,047 [INFO] AnalyticsPlugin:255 - Accepted CMSIS Pack Licenses: 
2025-11-22 05:27:16,047 [INFO] AnalyticsPlugin:257 - Accepted Firmware Licenses: FW.WB.1.23.0
2025-11-22 05:27:16,049 [INFO] PluginManage:359 - Loaded plugin analytics (category:tool,tabindex:-1)
2025-11-22 05:27:16,049 [INFO] PluginManage:310 - Check plugin cadmodel
2025-11-22 05:27:16,059 [INFO] CADModel:105 - Init CAD model plugin
2025-11-22 05:27:16,059 [INFO] PluginManage:359 - Loaded plugin cadmodel (category:power,tabindex:5)
2025-11-22 05:27:16,060 [INFO] PluginManage:310 - Check plugin clock
2025-11-22 05:27:16,082 [INFO] PluginManage:359 - Loaded plugin clock (category:base,tabindex:2)
2025-11-22 05:27:16,082 [INFO] PluginManage:310 - Check plugin ddr
2025-11-22 05:27:16,093 [INFO] PluginManage:359 - Loaded plugin ddr (category:tool,tabindex:6)
2025-11-22 05:27:16,093 [INFO] PluginManage:310 - Check plugin filemanager
2025-11-22 05:27:16,421 [INFO] PluginManage:359 - Loaded plugin filemanager (category:base,tabindex:10)
2025-11-22 05:27:16,421 [INFO] PluginManage:310 - Check plugin ipmanager
2025-11-22 05:27:16,434 [INFO] PluginManage:359 - Loaded plugin ipmanager (category:base,tabindex:5)
2025-11-22 05:27:16,434 [INFO] PluginManage:310 - Check plugin lpbam
2025-11-22 05:27:16,452 [INFO] PluginManage:359 - Loaded plugin lpbam (category:base,tabindex:0)
2025-11-22 05:27:16,452 [INFO] PluginManage:310 - Check plugin memorymap
2025-11-22 05:27:16,494 [INFO] PluginManage:359 - Loaded plugin memorymap (category:base,tabindex:4)
2025-11-22 05:27:16,494 [INFO] PluginManage:310 - Check plugin pinoutandconfiguration
2025-11-22 05:27:16,534 [INFO] PluginManage:359 - Loaded plugin pinoutandconfiguration (category:base,tabindex:1)
2025-11-22 05:27:16,534 [INFO] PluginManage:310 - Check plugin pinoutconfig
2025-11-22 05:27:16,746 [WARN] SupportedApi:132 - Cannot load RTOS API schema: s4s-elt-must-match.1: The content of 'definitions' must match (annotation?, (simpleType | complexType)?, (unique | key | keyref)*)). A problem was found starting at: attribute.
2025-11-22 05:27:17,402 [INFO] PluginManage:359 - Loaded plugin pinoutconfig (category:base,tabindex:0)
2025-11-22 05:27:17,402 [INFO] PluginManage:310 - Check plugin power
2025-11-22 05:27:17,620 [INFO] PluginManage:359 - Loaded plugin power (category:power,tabindex:4)
2025-11-22 05:27:17,620 [INFO] PluginManage:310 - Check plugin projectmanager
2025-11-22 05:27:17,659 [INFO] PluginManage:359 - Loaded plugin projectmanager (category:projectmanager,tabindex:4)
2025-11-22 05:27:17,659 [INFO] PluginManage:310 - Check plugin rif
2025-11-22 05:27:17,781 [INFO] PluginManage:359 - Loaded plugin rif (category:base,tabindex:3)
2025-11-22 05:27:17,781 [INFO] PluginManage:310 - Check plugin thirdparty
2025-11-22 05:27:18,387 [INFO] PluginManage:359 - Loaded plugin thirdparty (category:base,tabindex:-1)
2025-11-22 05:27:18,387 [WARN] IntegrityCheckThread:84 - waiting for thirdparty lock release [integrity check]
2025-11-22 05:27:18,388 [INFO] IntegrityCheckThread:86 - entering critical section [integrity check]
2025-11-22 05:27:18,388 [INFO] PluginManage:310 - Check plugin tools
2025-11-22 05:27:18,388 [INFO] ThirdPartyUpdaterWithRetryManager:70 - Updater plugin not ready yet. [1/15]
2025-11-22 05:27:18,390 [INFO] PluginManage:359 - Loaded plugin tools (category:base,tabindex:7)
2025-11-22 05:27:18,390 [INFO] PluginManage:310 - Check plugin tutovideos
2025-11-22 05:27:18,651 [INFO] PluginManage:359 - Loaded plugin tutovideos (category:base,tabindex:-1)
2025-11-22 05:27:18,651 [INFO] PluginManage:310 - Check plugin updater
2025-11-22 05:27:18,699 [INFO] PluginManage:359 - Loaded plugin updater (category:base,tabindex:12)
2025-11-22 05:27:18,699 [INFO] PluginManage:310 - Check plugin userauth
2025-11-22 05:27:18,709 [INFO] UserAuth:118 - Init User Auth plugin
2025-11-22 05:27:18,709 [INFO] PluginManage:359 - Loaded plugin userauth (category:base,tabindex:14)
2025-11-22 05:27:18,710 [INFO] PluginManage:283 - PluginManage : Loaded plugins [18]
2025-11-22 05:27:18,963 [INFO] PinOutPanel:1589 - setPackage(No Configuration,No Configuration)
2025-11-22 05:27:19,070 [INFO] CADModel:165 - CPN selected for project level
2025-11-22 05:27:19,070 [INFO] CADModel:114 - Register for checkConnection events
2025-11-22 05:27:19,093 [INFO] IPUIPlugin:80 - create IPUIPlugin
2025-11-22 05:27:19,093 [INFO] PluginManager:220 - loadIPPluginJar : add adc
2025-11-22 05:27:19,096 [INFO] IPUIPlugin:80 - create IPUIPlugin
2025-11-22 05:27:19,096 [INFO] PluginManager:220 - loadIPPluginJar : add aes
2025-11-22 05:27:19,099 [INFO] IPUIPlugin:80 - create IPUIPlugin
2025-11-22 05:27:19,099 [INFO] PluginManager:220 - loadIPPluginJar : add can
2025-11-22 05:27:19,101 [INFO] IPUIPlugin:80 - create IPUIPlugin
2025-11-22 05:27:19,101 [INFO] PluginManager:220 - loadIPPluginJar : add comp
2025-11-22 05:27:19,104 [INFO] IPUIPlugin:80 - create IPUIPlugin
2025-11-22 05:27:19,104 [INFO] PluginManager:220 - loadIPPluginJar : add cryp
2025-11-22 05:27:19,110 [INFO] IPUIPlugin:80 - create IPUIPlugin
2025-11-22 05:27:19,110 [INFO] PluginManager:220 - loadIPPluginJar : add ddr_ctrl_phy
2025-11-22 05:27:19,114 [INFO] IPUIPlugin:80 - create IPUIPlugin
2025-11-22 05:27:19,114 [INFO] PluginManager:220 - loadIPPluginJar : add dfsdm
2025-11-22 05:27:19,119 [INFO] IPUIPlugin:80 - create IPUIPlugin
2025-11-22 05:27:19,119 [INFO] PluginManager:220 - loadIPPluginJar : add dma
2025-11-22 05:27:19,122 [INFO] IPUIPlugin:80 - create IPUIPlugin
2025-11-22 05:27:19,122 [INFO] PluginManager:220 - loadIPPluginJar : add dma3
2025-11-22 05:27:19,125 [INFO] IPUIPlugin:80 - create IPUIPlugin
2025-11-22 05:27:19,125 [INFO] PluginManager:220 - loadIPPluginJar : add extmemmanager
2025-11-22 05:27:19,127 [INFO] IPUIPlugin:80 - create IPUIPlugin
2025-11-22 05:27:19,127 [INFO] PluginManager:220 - loadIPPluginJar : add fatfs
2025-11-22 05:27:19,130 [INFO] IPUIPlugin:80 - create IPUIPlugin
2025-11-22 05:27:19,130 [INFO] PluginManager:220 - loadIPPluginJar : add fmc
2025-11-22 05:27:19,139 [INFO] IPUIPlugin:80 - create IPUIPlugin
2025-11-22 05:27:19,139 [INFO] PluginManager:220 - loadIPPluginJar : add freertos
2025-11-22 05:27:19,141 [INFO] IPUIPlugin:80 - create IPUIPlugin
2025-11-22 05:27:19,141 [INFO] PluginManager:220 - loadIPPluginJar : add genericplugin
2025-11-22 05:27:19,144 [INFO] IPUIPlugin:80 - create IPUIPlugin
2025-11-22 05:27:19,144 [INFO] PluginManager:220 - loadIPPluginJar : add gfxmmu
2025-11-22 05:27:19,149 [INFO] IPUIPlugin:80 - create IPUIPlugin
2025-11-22 05:27:19,149 [INFO] PluginManager:220 - loadIPPluginJar : add gic
2025-11-22 05:27:19,154 [INFO] IPUIPlugin:80 - create IPUIPlugin
2025-11-22 05:27:19,154 [INFO] PluginManager:220 - loadIPPluginJar : add gpio
2025-11-22 05:27:19,157 [INFO] IPUIPlugin:80 - create IPUIPlugin
2025-11-22 05:27:19,157 [INFO] PluginManager:220 - loadIPPluginJar : add gtzc
2025-11-22 05:27:19,160 [INFO] IPUIPlugin:80 - create IPUIPlugin
2025-11-22 05:27:19,160 [INFO] PluginManager:220 - loadIPPluginJar : add hash
2025-11-22 05:27:19,163 [INFO] IPUIPlugin:80 - create IPUIPlugin
2025-11-22 05:27:19,164 [INFO] PluginManager:220 - loadIPPluginJar : add i2c
2025-11-22 05:27:19,166 [INFO] IPUIPlugin:80 - create IPUIPlugin
2025-11-22 05:27:19,167 [INFO] PluginManager:220 - loadIPPluginJar : add i2s
2025-11-22 05:27:19,170 [INFO] IPUIPlugin:80 - create IPUIPlugin
2025-11-22 05:27:19,171 [INFO] PluginManager:220 - loadIPPluginJar : add i3c
2025-11-22 05:27:19,174 [INFO] IPUIPlugin:80 - create IPUIPlugin
2025-11-22 05:27:19,174 [INFO] PluginManager:220 - loadIPPluginJar : add ipddr
2025-11-22 05:27:19,180 [INFO] IPUIPlugin:80 - create IPUIPlugin
2025-11-22 05:27:19,181 [INFO] PluginManager:220 - loadIPPluginJar : add linkedlist
2025-11-22 05:27:19,183 [INFO] IPUIPlugin:80 - create IPUIPlugin
2025-11-22 05:27:19,183 [INFO] PluginManager:220 - loadIPPluginJar : add lorawan
2025-11-22 05:27:19,186 [INFO] IPUIPlugin:80 - create IPUIPlugin
2025-11-22 05:27:19,186 [INFO] PluginManager:220 - loadIPPluginJar : add ltdc
2025-11-22 05:27:19,192 [INFO] IPUIPlugin:80 - create IPUIPlugin
2025-11-22 05:27:19,192 [INFO] PluginManager:220 - loadIPPluginJar : add mdma
2025-11-22 05:27:19,196 [INFO] IPUIPlugin:80 - create IPUIPlugin
2025-11-22 05:27:19,196 [INFO] PluginManager:220 - loadIPPluginJar : add nvic
2025-11-22 05:27:19,199 [INFO] IPUIPlugin:80 - create IPUIPlugin
2025-11-22 05:27:19,199 [INFO] PluginManager:220 - loadIPPluginJar : add opamp
2025-11-22 05:27:19,202 [INFO] IPUIPlugin:80 - create IPUIPlugin
2025-11-22 05:27:19,203 [INFO] PluginManager:220 - loadIPPluginJar : add openamp
2025-11-22 05:27:19,207 [INFO] IPUIPlugin:80 - create IPUIPlugin
2025-11-22 05:27:19,207 [INFO] PluginManager:220 - loadIPPluginJar : add pdm2pcm
2025-11-22 05:27:19,212 [INFO] IPUIPlugin:80 - create IPUIPlugin
2025-11-22 05:27:19,214 [INFO] PluginManager:220 - loadIPPluginJar : add plateformsettings
2025-11-22 05:27:19,215 [INFO] IPUIPlugin:80 - create IPUIPlugin
2025-11-22 05:27:19,215 [INFO] PluginManager:220 - loadIPPluginJar : add quadspi
2025-11-22 05:27:19,217 [INFO] IPUIPlugin:80 - create IPUIPlugin
2025-11-22 05:27:19,217 [INFO] PluginManager:220 - loadIPPluginJar : add radio
2025-11-22 05:27:19,224 [INFO] IPUIPlugin:80 - create IPUIPlugin
2025-11-22 05:27:19,224 [INFO] PluginManager:220 - loadIPPluginJar : add resmgrutility
2025-11-22 05:27:19,227 [INFO] IPUIPlugin:80 - create IPUIPlugin
2025-11-22 05:27:19,227 [INFO] PluginManager:220 - loadIPPluginJar : add sai
2025-11-22 05:27:19,229 [INFO] IPUIPlugin:80 - create IPUIPlugin
2025-11-22 05:27:19,230 [INFO] PluginManager:220 - loadIPPluginJar : add spi
2025-11-22 05:27:19,234 [INFO] IPUIPlugin:80 - create IPUIPlugin
2025-11-22 05:27:19,234 [INFO] PluginManager:220 - loadIPPluginJar : add stm32_wpan
2025-11-22 05:27:19,237 [INFO] IPUIPlugin:80 - create IPUIPlugin
2025-11-22 05:27:19,237 [INFO] PluginManager:220 - loadIPPluginJar : add tim
2025-11-22 05:27:19,240 [INFO] IPUIPlugin:80 - create IPUIPlugin
2025-11-22 05:27:19,240 [INFO] PluginManager:220 - loadIPPluginJar : add touchsensing
2025-11-22 05:27:19,242 [INFO] IPUIPlugin:80 - create IPUIPlugin
2025-11-22 05:27:19,242 [INFO] PluginManager:220 - loadIPPluginJar : add tracer_emb
2025-11-22 05:27:19,244 [INFO] IPUIPlugin:80 - create IPUIPlugin
2025-11-22 05:27:19,244 [INFO] PluginManager:220 - loadIPPluginJar : add ts
2025-11-22 05:27:19,246 [INFO] IPUIPlugin:80 - create IPUIPlugin
2025-11-22 05:27:19,246 [INFO] PluginManager:220 - loadIPPluginJar : add tsc
2025-11-22 05:27:19,248 [INFO] IPUIPlugin:80 - create IPUIPlugin
2025-11-22 05:27:19,248 [INFO] PluginManager:220 - loadIPPluginJar : add ucpd
2025-11-22 05:27:19,251 [INFO] IPUIPlugin:80 - create IPUIPlugin
2025-11-22 05:27:19,251 [INFO] PluginManager:220 - loadIPPluginJar : add usart
2025-11-22 05:27:19,254 [INFO] IPUIPlugin:80 - create IPUIPlugin
2025-11-22 05:27:19,254 [INFO] PluginManager:220 - loadIPPluginJar : add usbx
2025-11-22 05:27:19,377 [FATAL] Updater:351 - Updater called before beeing initialized
2025-11-22 05:27:19,455 [INFO] RulesReader:64 - Compatibility file has been processed (317 Rules)
2025-11-22 05:27:19,463 [INFO] RulesReader:64 - Compatibility file has been processed (317 Rules)
2025-11-22 05:27:19,469 [INFO] CADModel:165 - CPN selected for project level
2025-11-22 05:27:19,469 [INFO] CADModel:114 - Register for checkConnection events
2025-11-22 05:27:19,469 [FATAL] Updater:351 - Updater called before beeing initialized
2025-11-22 05:27:19,469 [ERROR] CADModel:125 - Updater not yet initialized, retry later 
2025-11-22 05:27:19,642 [FATAL] Updater:351 - Updater called before beeing initialized
2025-11-22 05:27:19,650 [INFO] CADModel:165 - CPN selected for project level
2025-11-22 05:27:19,650 [INFO] CADModel:114 - Register for checkConnection events
2025-11-22 05:27:19,650 [FATAL] Updater:351 - Updater called before beeing initialized
2025-11-22 05:27:19,650 [ERROR] CADModel:125 - Updater not yet initialized, retry later 
2025-11-22 05:27:19,652 [FATAL] Updater:351 - Updater called before beeing initialized
2025-11-22 05:27:19,726 [FATAL] Updater:351 - Updater called before beeing initialized
2025-11-22 05:27:19,729 [INFO] DbMcusAds:53 - JSON generation date=Mon Nov 10 05:43:01 EST 2025 (1762771381118)
2025-11-22 05:27:19,729 [FATAL] Updater:351 - Updater called before beeing initialized
2025-11-22 05:27:19,781 [WARN] DetailPanel:346 - Failed to get advertising image, set to default
2025-11-22 05:27:19,845 [FATAL] Updater:351 - Updater called before beeing initialized
2025-11-22 05:27:19,847 [FATAL] Updater:351 - Updater called before beeing initialized
2025-11-22 05:27:19,847 [FATAL] Updater:351 - Updater called before beeing initialized
2025-11-22 05:27:19,847 [WARN] DetailPanel:346 - Failed to get advertising image, set to default
2025-11-22 05:27:19,848 [FATAL] Updater:351 - Updater called before beeing initialized
2025-11-22 05:27:19,891 [ERROR] Updater:1198 - MainUpdater not yet initialized. External WinMGr cannot be set.
2025-11-22 05:27:19,893 [INFO] Updater:1134 - Updater Version found : 6.15.0
2025-11-22 05:27:19,910 [INFO] ApplicationProperties:184 - Using Application install path: C:\ST\STM32CubeIDE_1.19.0\STM32CubeIDE\plugins\com.st.stm32cube.common.mx_6.15.0.202507011659
2025-11-22 05:27:21,389 [INFO] ThirdPartyUpdaterWithRetryManager:70 - Updater plugin not ready yet. [2/15]
2025-11-22 05:27:21,496 [ERROR] LogOutputStream:75 - [STDERR_REDIRECT] Nov 22, 2025 5:27:21 AM java.util.prefs.WindowsPreferences <init>
2025-11-22 05:27:21,497 [ERROR] LogOutputStream:75 - [STDERR_REDIRECT] WARNING: Could not open/create prefs root node Software\JavaSoft\Prefs at root 0xffffffff80000002. Windows RegCreateKeyEx(...) returned error code 5.
2025-11-22 05:27:21,497 [ERROR] LogOutputStream:75 - [STDERR_REDIRECT] 
2025-11-22 05:27:22,164 [INFO] MainUpdater:2872 - connection check result : 10
2025-11-22 05:27:22,164 [INFO] MainUpdater:289 - Updater Check For Update Now.
2025-11-22 05:27:22,164 [INFO] MicroXplorer:498 - Change Database Version : DB.6.0.150
2025-11-22 05:27:22,181 [INFO] McuFinderGlobals:63 - Set McuFinder mode to 2 (CubeIDE integrated)
2025-11-22 05:27:22,181 [INFO] UserAuth:487 - Internet connection configuration mode: 1
2025-11-22 05:27:22,283 [INFO] JxBrowserEngine:152 - Initiate JxBrowser Engine with user profile folder
2025-11-22 05:27:22,378 [INFO] CheckServerUpdateThread:120 - End of CheckServer Thread
2025-11-22 05:27:24,828 [WARN] PackLoader:240 - Cannot read IP mode file for STMicroelectronics.FP-SNS-MOTENVWB1.1.4.0
2025-11-22 05:27:24,859 [WARN] PackLoader:240 - Cannot read IP mode file for STMicroelectronics.FP-ATR-ASTRA1.2.0.2
2025-11-22 05:27:24,936 [WARN] PackLoader:240 - Cannot read IP mode file for STMicroelectronics.X-CUBE-SMBUS.2.1.0
2025-11-22 05:27:25,006 [WARN] PackLoader:240 - Cannot read IP mode file for STMicroelectronics.X-CUBE-AZRTOS-F7.1.1.0
2025-11-22 05:27:25,021 [WARN] PackLoader:240 - Cannot read IP mode file for Cesanta.I-CUBE-Mongoose.7.19.0
2025-11-22 05:27:25,032 [WARN] PackLoader:240 - Cannot read IP mode file for STMicroelectronics.FP-SNS-MOTENV1.5.1.0
2025-11-22 05:27:25,058 [WARN] PackLoader:240 - Cannot read IP mode file for WES.I-CUBE-Cesium.1.4.0
2025-11-22 05:27:25,364 [WARN] PackLoader:240 - Cannot read IP mode file for Infineon.AIROC-Wi-Fi-Bluetooth-STM32.1.7.1
2025-11-22 05:27:25,396 [WARN] PackLoader:240 - Cannot read IP mode file for STMicroelectronics.X-CUBE-AZRTOS-H7.3.4.0
2025-11-22 05:27:25,420 [WARN] PackLoader:240 - Cannot read IP mode file for STMicroelectronics.X-CUBE-DISPLAY.3.0.0
2025-11-22 05:27:25,541 [WARN] PackLoader:240 - Cannot read IP mode file for STMicroelectronics.X-CUBE-NFC10.1.0.0
2025-11-22 05:27:25,580 [WARN] PackLoader:240 - Cannot read IP mode file for STMicroelectronics.X-CUBE-ST60.1.1.0
2025-11-22 05:27:25,601 [WARN] PackLoader:240 - Cannot read IP mode file for emotas.I-CUBE-CANOPEN.1.3.0
2025-11-22 05:27:25,661 [WARN] PackLoader:240 - Cannot read IP mode file for STMicroelectronics.X-CUBE-GNSS1.7.1.0
2025-11-22 05:27:25,669 [WARN] PackLoader:240 - Cannot read IP mode file for STMicroelectronics.FP-SNS-STBOX1.2.1.0
2025-11-22 05:27:25,691 [WARN] PackLoader:240 - Cannot read IP mode file for STMicroelectronics.FP-SNS-SMARTAG2.1.2.0
2025-11-22 05:27:25,694 [WARN] PackLoader:240 - Cannot read IP mode file for STMicroelectronics.FP-SNS-FLIGHT1.5.1.0
2025-11-22 05:27:25,755 [INFO] LogOutputStream:77 - [STDOUT_REDIRECT] 1 : Invalid condition id : UX_CORESTACK_Condition cause : null
2025-11-22 05:27:25,755 [INFO] LogOutputStream:77 - [STDOUT_REDIRECT] 1 : Invalid condition id : UX_CORESTACK_Condition cause : null
2025-11-22 05:27:25,756 [INFO] LogOutputStream:77 - [STDOUT_REDIRECT] 1 : Invalid condition id : UX_CORESTACK_Condition cause : null
2025-11-22 05:27:25,756 [INFO] LogOutputStream:77 - [STDOUT_REDIRECT] 1 : Invalid condition id : UX_CORESTACK_Condition cause : null
2025-11-22 05:27:25,757 [INFO] LogOutputStream:77 - [STDOUT_REDIRECT] 1 : Invalid condition id : UX_CORESTACK_Condition cause : null
2025-11-22 05:27:25,758 [WARN] PackLoader:240 - Cannot read IP mode file for STMicroelectronics.X-CUBE-AZRTOS-WL.2.0.0
2025-11-22 05:27:25,789 [WARN] PackLoader:240 - Cannot read IP mode file for STMicroelectronics.X-CUBE-AZRTOS-H7RS.1.2.0
2025-11-22 05:27:25,842 [WARN] PackLoader:240 - Cannot read IP mode file for STMicroelectronics.X-CUBE-BLE2.3.3.0
2025-11-22 05:27:25,971 [WARN] PackLoader:240 - Cannot read IP mode file for STMicroelectronics.X-CUBE-NFC9.1.0.0
2025-11-22 05:27:25,977 [WARN] PackLoader:240 - Cannot read IP mode file for wolfSSL.I-CUBE-wolfSSL.5.8.2
2025-11-22 05:27:25,990 [WARN] PackLoader:240 - Cannot read IP mode file for STMicroelectronics.X-CUBE-BLE1.7.1.0
2025-11-22 05:27:26,003 [WARN] PackLoader:240 - Cannot read IP mode file for wolfSSL.I-CUBE-wolfMQTT.1.19.2
2025-11-22 05:27:26,023 [WARN] PackLoader:240 - Cannot read IP mode file for STMicroelectronics.X-CUBE-FREERTOS.1.4.0
2025-11-22 05:27:26,037 [WARN] PackLoader:240 - Cannot read IP mode file for STMicroelectronics.X-CUBE-EEPRMA1.5.2.0
2025-11-22 05:27:26,064 [WARN] PackLoader:240 - Cannot read IP mode file for STMicroelectronics.X-CUBE-ST67W61.1.1.0
2025-11-22 05:27:26,100 [WARN] PackLoader:240 - Cannot read IP mode file for STMicroelectronics.X-CUBE-MEMS1.12.0.0
2025-11-22 05:27:26,144 [WARN] PackLoader:240 - Cannot read IP mode file for STMicroelectronics.X-CUBE-AZRTOS-G0.1.1.0
2025-11-22 05:27:26,155 [WARN] PackLoader:240 - Cannot read IP mode file for STMicroelectronics.X-CUBE-NFC4.3.0.0
2025-11-22 05:27:26,183 [WARN] PackLoader:240 - Cannot read IP mode file for EmbeddedOffice.I-CUBE-FS-RTOS.1.0.1
2025-11-22 05:27:26,722 [WARN] PackLoader:240 - Cannot read IP mode file for STMicroelectronics.X-CUBE-WB05N.2.0.0
2025-11-22 05:27:26,729 [WARN] PackLoader:240 - Cannot read IP mode file for wolfSSL.I-CUBE-wolfTPM.3.8.0
2025-11-22 05:27:26,734 [WARN] PackLoader:240 - Cannot read IP mode file for STMicroelectronics.X-CUBE-TCPP.4.2.0
2025-11-22 05:27:26,899 [WARN] PackLoader:240 - Cannot read IP mode file for RealThread.X-CUBE-RT-Thread_Nano.4.1.1
2025-11-22 05:27:27,025 [WARN] PackLoader:240 - Cannot read IP mode file for STMicroelectronics.FP-ATR-SIGFOX1.3.2.0
2025-11-22 05:27:27,031 [WARN] PackLoader:240 - Cannot read IP mode file for ITTIA_DB.I-CUBE-ITTIADB.8.9.0
2025-11-22 05:27:28,435 [WARN] PackLoader:240 - Cannot read IP mode file for STMicroelectronics.X-CUBE-AI.10.2.0
2025-11-22 05:27:28,597 [WARN] PackLoader:240 - Cannot read IP mode file for SEGGER.I-CUBE-embOS.1.3.1
2025-11-22 05:27:28,632 [WARN] PackLoader:240 - Cannot read IP mode file for STMicroelectronics.X-CUBE-ALGOBUILD.1.4.0
2025-11-22 05:27:28,728 [WARN] PackLoader:240 - Cannot read IP mode file for STMicroelectronics.X-CUBE-MEMS1.11.3.0
2025-11-22 05:27:31,124 [WARN] PackLoader:240 - Cannot read IP mode file for STMicroelectronics.X-CUBE-PM33A1.1.0.0
2025-11-22 05:27:32,394 [WARN] PackLoader:240 - Cannot read IP mode file for STMicroelectronics.X-CUBE-AZRTOS-F4.1.1.0
2025-11-22 05:27:33,250 [WARN] PackLoader:240 - Cannot read IP mode file for STMicroelectronics.X-CUBE-ISPU.2.1.0
2025-11-22 05:27:34,153 [WARN] PackLoader:240 - Cannot read IP mode file for STMicroelectronics.X-CUBE-IPS.3.2.0
2025-11-22 05:27:34,510 [WARN] PackLoader:240 - Cannot read IP mode file for STMicroelectronics.X-CUBE-NFC12.1.0.0
2025-11-22 05:27:34,691 [WARN] PackLoader:240 - Cannot read IP mode file for STMicroelectronics.X-CUBE-AZRTOS-L5.2.0.0
2025-11-22 05:27:34,753 [WARN] PackLoader:240 - Cannot read IP mode file for STMicroelectronics.X-CUBE-NFC6.3.1.0
2025-11-22 05:27:34,777 [WARN] PackLoader:240 - Cannot read IP mode file for STMicroelectronics.X-CUBE-FREERTOS.1.3.1
2025-11-22 05:27:34,888 [WARN] PackLoader:240 - Cannot read IP mode file for STMicroelectronics.X-CUBE-TOUCHGFX.4.26.0
2025-11-22 05:27:36,312 [INFO] WebApp:169 - Instantiating new browser for Auth
2025-11-22 05:27:36,877 [WARN] PackLoader:240 - Cannot read IP mode file for STMicroelectronics.FP-SNS-STAIOTCFT.1.0.0
2025-11-22 05:27:37,211 [WARN] PackLoader:240 - Cannot read IP mode file for STMicroelectronics.X-CUBE-DPower.1.3.0
2025-11-22 05:27:37,468 [WARN] ConditionMgr:438 - getConditionDescription Invalid condition id : LAN8742 Phy interface Condition cause : null
2025-11-22 05:27:37,468 [WARN] PackLoader:240 - Cannot read IP mode file for STMicroelectronics.X-CUBE-AZRTOS-L4.2.0.0
2025-11-22 05:27:37,468 [WARN] ConditionMgr:1044 - genDependencies : Invalid condition id : LAN8742 Phy interface Condition cause : null
2025-11-22 05:27:37,469 [WARN] ConditionMgr:1044 - genDependencies : Invalid condition id : LAN8742 Phy interface Condition cause : null
2025-11-22 05:27:37,469 [WARN] ConditionMgr:1044 - genDependencies : Invalid condition id : LAN8742 Phy interface Condition cause : null
2025-11-22 05:27:37,900 [WARN] PackLoader:240 - Cannot read IP mode file for STMicroelectronics.X-CUBE-SFXS2LP1.4.0.0
2025-11-22 05:27:37,998 [WARN] PackLoader:240 - Cannot read IP mode file for STMicroelectronics.X-CUBE-BLEMGR.4.1.0
2025-11-22 05:27:38,034 [WARN] ConditionMgr:438 - getConditionDescription Invalid condition id : UX DEVICE CLASS RTOS Condition cause : null
2025-11-22 05:27:38,034 [WARN] ConditionMgr:438 - getConditionDescription Invalid condition id : UX DEVICE CLASS RTOS Condition cause : null
2025-11-22 05:27:38,035 [WARN] PackLoader:240 - Cannot read IP mode file for STMicroelectronics.X-CUBE-AZRTOS-WB.2.0.0
2025-11-22 05:27:38,035 [WARN] ConditionMgr:1044 - genDependencies : Invalid condition id : UX DEVICE CLASS RTOS Condition cause : null
2025-11-22 05:27:38,035 [WARN] ConditionMgr:1044 - genDependencies : Invalid condition id : UX DEVICE CLASS RTOS Condition cause : null
2025-11-22 05:27:38,035 [WARN] ConditionMgr:1044 - genDependencies : Invalid condition id : UX DEVICE CLASS RTOS Condition cause : null
2025-11-22 05:27:38,035 [WARN] ConditionMgr:1044 - genDependencies : Invalid condition id : UX DEVICE CLASS RTOS Condition cause : null
2025-11-22 05:27:38,035 [WARN] ConditionMgr:1044 - genDependencies : Invalid condition id : UX DEVICE CLASS RTOS Condition cause : null
2025-11-22 05:27:38,078 [WARN] ConditionMgr:438 - getConditionDescription Invalid condition id : Cortex-A Device cause : null
2025-11-22 05:27:38,135 [WARN] ConditionMgr:1044 - genDependencies : Invalid condition id : Cortex-A Device cause : null
2025-11-22 05:27:38,135 [WARN] ConditionMgr:1044 - genDependencies : Invalid condition id : Cortex-A Device cause : null
2025-11-22 05:27:38,135 [WARN] ConditionMgr:1044 - genDependencies : Invalid condition id : Cortex-A Device cause : null
2025-11-22 05:27:38,162 [WARN] PackLoader:240 - Cannot read IP mode file for STMicroelectronics.X-CUBE-SUBG2.5.0.0
2025-11-22 05:27:38,189 [WARN] PackLoader:240 - Cannot read IP mode file for STMicroelectronics.X-CUBE-AZRTOS-H7RS.1.1.0
2025-11-22 05:27:38,214 [WARN] PackLoader:240 - Cannot read IP mode file for STMicroelectronics.X-CUBE-AZRTOS-G4.2.0.0
2025-11-22 05:27:38,223 [WARN] PackLoader:240 - Cannot read IP mode file for wolfSSL.I-CUBE-wolfSSH.1.4.20
2025-11-22 05:27:38,233 [WARN] PackLoader:240 - Cannot read IP mode file for STMicroelectronics.X-CUBE-NFC7.2.0.0
2025-11-22 05:27:38,237 [WARN] PackLoader:240 - Cannot read IP mode file for STMicroelectronics.X-CUBE-ALS.1.0.2
2025-11-22 05:27:38,246 [WARN] PackLoader:240 - Cannot read IP mode file for STMicroelectronics.X-CUBE-STSE01.1.0.0
2025-11-22 05:27:38,257 [WARN] PackLoader:240 - Cannot read IP mode file for STMicroelectronics.X-CUBE-TOF1.3.4.3
2025-11-22 05:27:38,264 [INFO] ThirdParty:978 - Integrity check success = true
2025-11-22 05:27:38,264 [INFO] IntegrityCheckThread:100 - exiting critical section [integrity check]
2025-11-22 05:27:38,264 [INFO] IntegrityCheckThread:103 - End integrity checks thread
